<?xml version="1.0" encoding="UTF-8"?>
<!-- Generated by org.testng.reporters.JUnitReportReporter -->
<testsuite skipped="0" hostname="DESKTOP-R18UK1G" name="StringInJava.SplitMethod" tests="1" failures="0" timestamp="12 Oct 2017 10:44:39 GMT" time="0.014" errors="0">
  <testcase name="Split" time="0.014" classname="StringInJava.SplitMethod"/>
</testsuite> <!-- StringInJava.SplitMethod -->
